# JRE version: OpenJDK Runtime Environment (17.0.10) (build 17.0.10+0--11609105)
# Java VM: OpenJDK 64-Bit Server VM (17.0.10+0--11609105, mixed mode, tiered, compressed oops, compressed class ptrs, g1 gc, windows-amd64)
GC Precious Log:
 CPUs: 4 total, 4 available
 Memory: 16336M
 Large Page Support: Disabled
 NUMA Support: Disabled
 Compressed Oops: Enabled (32-bit)
 Heap Region Size: 1M
 Heap Min Capacity: 8M
 Heap Initial Capacity: 256M
 Heap Max Capacity: 2G
 Pre-touch: Disabled
 Parallel Workers: 4
 Concurrent Workers: 1
 Concurrent Refinement Workers: 4
 Periodic GC: Disabled
Heap:
 garbage-first heap   total 75776K, used 34306K [0x0000000080000000, 0x0000000100000000)
  region size 1024K, 3 young (3072K), 3 survivors (3072K)
 Metaspace       used 46486K, committed 46912K, reserved 1114112K
  class space    used 6169K, committed 6336K, reserved 1048576K
GC Heap History (20 events):
Event: 0.451 GC heap after
{Heap after GC invocations=1 (full 0):
 garbage-first heap   total 262144K, used 2992K [0x0000000080000000, 0x0000000100000000)
  region size 1024K, 2 young (2048K), 2 survivors (2048K)
 Metaspace       used 7681K, committed 7872K, reserved 1114112K
  class space    used 676K, committed 768K, reserved 1048576K
}
Event: 0.918 GC heap before
{Heap before GC invocations=1 (full 0):
 garbage-first heap   total 262144K, used 22448K [0x0000000080000000, 0x0000000100000000)
  region size 1024K, 18 young (18432K), 2 survivors (2048K)
 Metaspace       used 11384K, committed 11584K, reserved 1114112K
  class space    used 1196K, committed 1280K, reserved 1048576K
}
Event: 0.920 GC heap after
{Heap after GC invocations=2 (full 0):
 garbage-first heap   total 262144K, used 11101K [0x0000000080000000, 0x0000000100000000)
  region size 1024K, 3 young (3072K), 3 survivors (3072K)
 Metaspace       used 11384K, committed 11584K, reserved 1114112K
  class space    used 1196K, committed 1280K, reserved 1048576K
}
Event: 1.339 GC heap before
{Heap before GC invocations=2 (full 0):
 garbage-first heap   total 262144K, used 32605K [0x0000000080000000, 0x0000000100000000)
  region size 1024K, 25 young (25600K), 3 survivors (3072K)
 Metaspace       used 11480K, committed 11648K, reserved 1114112K
  class space    used 1199K, committed 1280K, reserved 1048576K
}
Event: 1.341 GC heap after
{Heap after GC invocations=3 (full 0):
 garbage-first heap   total 262144K, used 11436K [0x0000000080000000, 0x0000000100000000)
  region size 1024K, 1 young (1024K), 1 survivors (1024K)
 Metaspace       used 11480K, committed 11648K, reserved 1114112K
  class space    used 1199K, committed 1280K, reserved 1048576K
}
Event: 2.593 GC heap before
{Heap before GC invocations=3 (full 0):
 garbage-first heap   total 262144K, used 61612K [0x0000000080000000, 0x0000000100000000)
  region size 1024K, 50 young (51200K), 1 survivors (1024K)
 Metaspace       used 21257K, committed 21504K, reserved 1114112K
  class space    used 2489K, committed 2624K, reserved 1048576K
}
Event: 2.599 GC heap after
{Heap after GC invocations=4 (full 0):
 garbage-first heap   total 262144K, used 19300K [0x0000000080000000, 0x0000000100000000)
  region size 1024K, 9 young (9216K), 9 survivors (9216K)
 Metaspace       used 21257K, committed 21504K, reserved 1114112K
  class space    used 2489K, committed 2624K, reserved 1048576K
}
Event: 3.246 GC heap before
{Heap before GC invocations=5 (full 0):
 garbage-first heap   total 75776K, used 54116K [0x0000000080000000, 0x0000000100000000)
  region size 1024K, 44 young (45056K), 9 survivors (9216K)
 Metaspace       used 26657K, committed 26944K, reserved 1114112K
  class space    used 3402K, committed 3520K, reserved 1048576K
}
Event: 3.253 GC heap after
{Heap after GC invocations=6 (full 0):
 garbage-first heap   total 75776K, used 21537K [0x0000000080000000, 0x0000000100000000)
  region size 1024K, 3 young (3072K), 3 survivors (3072K)
 Metaspace       used 26657K, committed 26944K, reserved 1114112K
  class space    used 3402K, committed 3520K, reserved 1048576K
}
Event: 3.703 GC heap before
{Heap before GC invocations=6 (full 0):
 garbage-first heap   total 75776K, used 53281K [0x0000000080000000, 0x0000000100000000)
  region size 1024K, 34 young (34816K), 3 survivors (3072K)
 Metaspace       used 30936K, committed 31232K, reserved 1114112K
  class space    used 4131K, committed 4288K, reserved 1048576K
}
Event: 3.706 GC heap after
{Heap after GC invocations=7 (full 0):
 garbage-first heap   total 75776K, used 22960K [0x0000000080000000, 0x0000000100000000)
  region size 1024K, 4 young (4096K), 4 survivors (4096K)
 Metaspace       used 30936K, committed 31232K, reserved 1114112K
  class space    used 4131K, committed 4288K, reserved 1048576K
}
Event: 4.133 GC heap before
{Heap before GC invocations=7 (full 0):
 garbage-first heap   total 75776K, used 54704K [0x0000000080000000, 0x0000000100000000)
  region size 1024K, 36 young (36864K), 4 survivors (4096K)
 Metaspace       used 35144K, committed 35456K, reserved 1114112K
  class space    used 4785K, committed 4928K, reserved 1048576K
}
Event: 4.137 GC heap after
{Heap after GC invocations=8 (full 0):
 garbage-first heap   total 75776K, used 24604K [0x0000000080000000, 0x0000000100000000)
  region size 1024K, 4 young (4096K), 4 survivors (4096K)
 Metaspace       used 35144K, committed 35456K, reserved 1114112K
  class space    used 4785K, committed 4928K, reserved 1048576K
}
Event: 4.205 GC heap before
{Heap before GC invocations=8 (full 0):
 garbage-first heap   total 75776K, used 27676K [0x0000000080000000, 0x0000000100000000)
  region size 1024K, 8 young (8192K), 4 survivors (4096K)
 Metaspace       used 35749K, committed 36096K, reserved 1114112K
  class space    used 4873K, committed 5056K, reserved 1048576K
}
Event: 4.208 GC heap after
{Heap after GC invocations=9 (full 0):
 garbage-first heap   total 75776K, used 24434K [0x0000000080000000, 0x0000000100000000)
  region size 1024K, 2 young (2048K), 2 survivors (2048K)
 Metaspace       used 35749K, committed 36096K, reserved 1114112K
  class space    used 4873K, committed 5056K, reserved 1048576K
}
Event: 4.626 GC heap before
{Heap before GC invocations=10 (full 0):
 garbage-first heap   total 75776K, used 57202K [0x0000000080000000, 0x0000000100000000)
  region size 1024K, 35 young (35840K), 2 survivors (2048K)
 Metaspace       used 41338K, committed 41664K, reserved 1114112K
  class space    used 5478K, committed 5632K, reserved 1048576K
}
Event: 4.630 GC heap after
{Heap after GC invocations=11 (full 0):
 garbage-first heap   total 75776K, used 28794K [0x0000000080000000, 0x0000000100000000)
  region size 1024K, 5 young (5120K), 5 survivors (5120K)
 Metaspace       used 41338K, committed 41664K, reserved 1114112K
  class space    used 5478K, committed 5632K, reserved 1048576K
}
Event: 4.967 GC heap before
{Heap before GC invocations=11 (full 0):
 garbage-first heap   total 75776K, used 61562K [0x0000000080000000, 0x0000000100000000)
  region size 1024K, 33 young (33792K), 5 survivors (5120K)
 Metaspace       used 44498K, committed 44800K, reserved 1114112K
  class space    used 5888K, committed 6016K, reserved 1048576K
}
Event: 4.973 GC heap after
{Heap after GC invocations=12 (full 0):
 garbage-first heap   total 75776K, used 32228K [0x0000000080000000, 0x0000000100000000)
  region size 1024K, 4 young (4096K), 4 survivors (4096K)
 Metaspace       used 44498K, committed 44800K, reserved 1114112K
  class space    used 5888K, committed 6016K, reserved 1048576K
}
Event: 5.413 GC heap before
{Heap before GC invocations=12 (full 0):
 garbage-first heap   total 75776K, used 57828K [0x0000000080000000, 0x0000000100000000)
  region size 1024K, 29 young (29696K), 4 survivors (4096K)
 Metaspace       used 46486K, committed 46912K, reserved 1114112K
  class space    used 6169K, committed 6336K, reserved 1048576K
}

