# JRE version: OpenJDK Runtime Environment (17.0.10) (build 17.0.10+0--11609105)
# Java VM: OpenJDK 64-Bit Server VM (17.0.10+0--11609105, mixed mode, tiered, compressed oops, compressed class ptrs, g1 gc, windows-amd64)
GC Precious Log:
 CPUs: 4 total, 4 available
 Memory: 16336M
 Large Page Support: Disabled
 NUMA Support: Disabled
 Compressed Oops: Enabled (32-bit)
 Heap Region Size: 1M
 Heap Min Capacity: 8M
 Heap Initial Capacity: 256M
 Heap Max Capacity: 2G
 Pre-touch: Disabled
 Parallel Workers: 4
 Concurrent Workers: 1
 Concurrent Refinement Workers: 4
 Periodic GC: Disabled
Heap:
 garbage-first heap   total 317440K, used 212992K [0x0000000080000000, 0x0000000100000000)
  region size 1024K, 58 young (59392K), 15 survivors (15360K)
 Metaspace       used 120138K, committed 121216K, reserved 1179648K
  class space    used 15801K, committed 16320K, reserved 1048576K
GC Heap History (20 events):
Event: 10.469 GC heap before
{Heap before GC invocations=42 (full 0):
 garbage-first heap   total 165888K, used 100428K [0x0000000080000000, 0x0000000100000000)
  region size 1024K, 8 young (8192K), 2 survivors (2048K)
 Metaspace       used 70679K, committed 71360K, reserved 1114112K
  class space    used 9524K, committed 9856K, reserved 1048576K
}
Event: 10.472 GC heap after
{Heap after GC invocations=43 (full 0):
 garbage-first heap   total 165888K, used 94025K [0x0000000080000000, 0x0000000100000000)
  region size 1024K, 1 young (1024K), 1 survivors (1024K)
 Metaspace       used 70679K, committed 71360K, reserved 1114112K
  class space    used 9524K, committed 9856K, reserved 1048576K
}
Event: 10.818 GC heap before
{Heap before GC invocations=43 (full 0):
 garbage-first heap   total 165888K, used 139081K [0x0000000080000000, 0x0000000100000000)
  region size 1024K, 40 young (40960K), 1 survivors (1024K)
 Metaspace       used 73693K, committed 74368K, reserved 1114112K
  class space    used 9904K, committed 10240K, reserved 1048576K
}
Event: 10.821 GC heap after
{Heap after GC invocations=44 (full 0):
 garbage-first heap   total 165888K, used 99334K [0x0000000080000000, 0x0000000100000000)
  region size 1024K, 5 young (5120K), 5 survivors (5120K)
 Metaspace       used 73693K, committed 74368K, reserved 1114112K
  class space    used 9904K, committed 10240K, reserved 1048576K
}
Event: 11.230 GC heap before
{Heap before GC invocations=45 (full 0):
 garbage-first heap   total 173056K, used 135174K [0x0000000080000000, 0x0000000100000000)
  region size 1024K, 40 young (40960K), 5 survivors (5120K)
 Metaspace       used 76171K, committed 76864K, reserved 1179648K
  class space    used 10238K, committed 10560K, reserved 1048576K
}
Event: 11.234 GC heap after
{Heap after GC invocations=46 (full 0):
 garbage-first heap   total 173056K, used 101341K [0x0000000080000000, 0x0000000100000000)
  region size 1024K, 2 young (2048K), 2 survivors (2048K)
 Metaspace       used 76171K, committed 76864K, reserved 1179648K
  class space    used 10238K, committed 10560K, reserved 1048576K
}
Event: 11.285 GC heap before
{Heap before GC invocations=46 (full 0):
 garbage-first heap   total 173056K, used 106461K [0x0000000080000000, 0x0000000100000000)
  region size 1024K, 8 young (8192K), 2 survivors (2048K)
 Metaspace       used 76338K, committed 76928K, reserved 1179648K
  class space    used 10271K, committed 10560K, reserved 1048576K
}
Event: 11.290 GC heap after
{Heap after GC invocations=47 (full 0):
 garbage-first heap   total 317440K, used 101515K [0x0000000080000000, 0x0000000100000000)
  region size 1024K, 1 young (1024K), 1 survivors (1024K)
 Metaspace       used 76338K, committed 76928K, reserved 1179648K
  class space    used 10271K, committed 10560K, reserved 1048576K
}
Event: 12.940 GC heap before
{Heap before GC invocations=47 (full 0):
 garbage-first heap   total 317440K, used 239755K [0x0000000080000000, 0x0000000100000000)
  region size 1024K, 135 young (138240K), 1 survivors (1024K)
 Metaspace       used 83724K, committed 84480K, reserved 1179648K
  class space    used 11446K, committed 11776K, reserved 1048576K
}
Event: 12.947 GC heap after
{Heap after GC invocations=48 (full 0):
 garbage-first heap   total 317440K, used 107251K [0x0000000080000000, 0x0000000100000000)
  region size 1024K, 7 young (7168K), 7 survivors (7168K)
 Metaspace       used 83724K, committed 84480K, reserved 1179648K
  class space    used 11446K, committed 11776K, reserved 1048576K
}
Event: 14.723 GC heap before
{Heap before GC invocations=48 (full 0):
 garbage-first heap   total 317440K, used 270067K [0x0000000080000000, 0x0000000100000000)
  region size 1024K, 145 young (148480K), 7 survivors (7168K)
 Metaspace       used 98794K, committed 99584K, reserved 1179648K
  class space    used 13364K, committed 13760K, reserved 1048576K
}
Event: 14.735 GC heap after
{Heap after GC invocations=49 (full 0):
 garbage-first heap   total 317440K, used 134445K [0x0000000080000000, 0x0000000100000000)
  region size 1024K, 18 young (18432K), 18 survivors (18432K)
 Metaspace       used 98794K, committed 99584K, reserved 1179648K
  class space    used 13364K, committed 13760K, reserved 1048576K
}
Event: 16.640 GC heap before
{Heap before GC invocations=49 (full 0):
 garbage-first heap   total 317440K, used 255277K [0x0000000080000000, 0x0000000100000000)
  region size 1024K, 136 young (139264K), 18 survivors (18432K)
 Metaspace       used 105410K, committed 106176K, reserved 1179648K
  class space    used 14146K, committed 14528K, reserved 1048576K
}
Event: 16.655 GC heap after
{Heap after GC invocations=50 (full 0):
 garbage-first heap   total 317440K, used 143174K [0x0000000080000000, 0x0000000100000000)
  region size 1024K, 9 young (9216K), 9 survivors (9216K)
 Metaspace       used 105410K, committed 106176K, reserved 1179648K
  class space    used 14146K, committed 14528K, reserved 1048576K
}
Event: 563.410 GC heap before
{Heap before GC invocations=50 (full 0):
 garbage-first heap   total 317440K, used 257862K [0x0000000080000000, 0x0000000100000000)
  region size 1024K, 122 young (124928K), 9 survivors (9216K)
 Metaspace       used 113001K, committed 113920K, reserved 1179648K
  class space    used 14883K, committed 15296K, reserved 1048576K
}
Event: 563.422 GC heap after
{Heap after GC invocations=51 (full 0):
 garbage-first heap   total 317440K, used 148191K [0x0000000080000000, 0x0000000100000000)
  region size 1024K, 14 young (14336K), 14 survivors (14336K)
 Metaspace       used 113001K, committed 113920K, reserved 1179648K
  class space    used 14883K, committed 15296K, reserved 1048576K
}
Event: 3748.844 GC heap before
{Heap before GC invocations=51 (full 0):
 garbage-first heap   total 317440K, used 260831K [0x0000000080000000, 0x0000000100000000)
  region size 1024K, 124 young (126976K), 14 survivors (14336K)
 Metaspace       used 115130K, committed 116160K, reserved 1179648K
  class space    used 15146K, committed 15616K, reserved 1048576K
}
Event: 3748.871 GC heap after
{Heap after GC invocations=52 (full 0):
 garbage-first heap   total 317440K, used 154569K [0x0000000080000000, 0x0000000100000000)
  region size 1024K, 14 young (14336K), 14 survivors (14336K)
 Metaspace       used 115130K, committed 116160K, reserved 1179648K
  class space    used 15146K, committed 15616K, reserved 1048576K
}
Event: 3750.901 GC heap before
{Heap before GC invocations=52 (full 0):
 garbage-first heap   total 317440K, used 261065K [0x0000000080000000, 0x0000000100000000)
  region size 1024K, 119 young (121856K), 14 survivors (14336K)
 Metaspace       used 119928K, committed 120960K, reserved 1179648K
  class space    used 15801K, committed 16320K, reserved 1048576K
}
Event: 3750.920 GC heap after
{Heap after GC invocations=53 (full 0):
 garbage-first heap   total 317440K, used 161792K [0x0000000080000000, 0x0000000100000000)
  region size 1024K, 15 young (15360K), 15 survivors (15360K)
 Metaspace       used 119928K, committed 120960K, reserved 1179648K
  class space    used 15801K, committed 16320K, reserved 1048576K
}

