# JRE version: OpenJDK Runtime Environment (17.0.10) (build 17.0.10+0--11609105)
# Java VM: OpenJDK 64-Bit Server VM (17.0.10+0--11609105, mixed mode, tiered, compressed oops, compressed class ptrs, g1 gc, windows-amd64)
GC Precious Log:
 CPUs: 4 total, 4 available
 Memory: 16336M
 Large Page Support: Disabled
 NUMA Support: Disabled
 Compressed Oops: Enabled (32-bit)
 Heap Region Size: 1M
 Heap Min Capacity: 8M
 Heap Initial Capacity: 256M
 Heap Max Capacity: 2G
 Pre-touch: Disabled
 Parallel Workers: 4
 Concurrent Workers: 1
 Concurrent Refinement Workers: 4
 Periodic GC: Disabled
Heap:
 garbage-first heap   total 267264K, used 125313K [0x0000000080000000, 0x0000000100000000)
  region size 1024K, 2 young (2048K), 2 survivors (2048K)
 Metaspace       used 98199K, committed 98944K, reserved 1179648K
  class space    used 13230K, committed 13568K, reserved 1048576K
GC Heap History (20 events):
Event: 11.981 GC heap after
{Heap after GC invocations=24 (full 0):
 garbage-first heap   total 140288K, used 71679K [0x0000000080000000, 0x0000000100000000)
  region size 1024K, 3 young (3072K), 3 survivors (3072K)
 Metaspace       used 80302K, committed 80896K, reserved 1179648K
  class space    used 10932K, committed 11200K, reserved 1048576K
}
Event: 12.521 GC heap before
{Heap before GC invocations=24 (full 0):
 garbage-first heap   total 140288K, used 115711K [0x0000000080000000, 0x0000000100000000)
  region size 1024K, 46 young (47104K), 3 survivors (3072K)
 Metaspace       used 83801K, committed 84480K, reserved 1179648K
  class space    used 11448K, committed 11776K, reserved 1048576K
}
Event: 12.527 GC heap after
{Heap after GC invocations=25 (full 0):
 garbage-first heap   total 168960K, used 74067K [0x0000000080000000, 0x0000000100000000)
  region size 1024K, 6 young (6144K), 6 survivors (6144K)
 Metaspace       used 83801K, committed 84480K, reserved 1179648K
  class space    used 11448K, committed 11776K, reserved 1048576K
}
Event: 13.652 GC heap before
{Heap before GC invocations=26 (full 0):
 garbage-first heap   total 168960K, used 139603K [0x0000000080000000, 0x0000000100000000)
  region size 1024K, 70 young (71680K), 6 survivors (6144K)
 Metaspace       used 89547K, committed 90240K, reserved 1179648K
  class space    used 12291K, committed 12608K, reserved 1048576K
}
Event: 13.662 GC heap after
{Heap after GC invocations=27 (full 0):
 garbage-first heap   total 168960K, used 77181K [0x0000000080000000, 0x0000000100000000)
  region size 1024K, 7 young (7168K), 7 survivors (7168K)
 Metaspace       used 89547K, committed 90240K, reserved 1179648K
  class space    used 12291K, committed 12608K, reserved 1048576K
}
Event: 15.062 GC heap before
{Heap before GC invocations=27 (full 0):
 garbage-first heap   total 168960K, used 144765K [0x0000000080000000, 0x0000000100000000)
  region size 1024K, 69 young (70656K), 7 survivors (7168K)
 Metaspace       used 94818K, committed 95488K, reserved 1179648K
  class space    used 12945K, committed 13248K, reserved 1048576K
}
Event: 15.072 GC heap after
{Heap after GC invocations=28 (full 0):
 garbage-first heap   total 168960K, used 83329K [0x0000000080000000, 0x0000000100000000)
  region size 1024K, 9 young (9216K), 9 survivors (9216K)
 Metaspace       used 94818K, committed 95488K, reserved 1179648K
  class space    used 12945K, committed 13248K, reserved 1048576K
}
Event: 15.883 GC heap before
{Heap before GC invocations=28 (full 0):
 garbage-first heap   total 168960K, used 138625K [0x0000000080000000, 0x0000000100000000)
  region size 1024K, 63 young (64512K), 9 survivors (9216K)
 Metaspace       used 95183K, committed 95872K, reserved 1179648K
  class space    used 12966K, committed 13312K, reserved 1048576K
}
Event: 15.894 GC heap after
{Heap after GC invocations=29 (full 0):
 garbage-first heap   total 168960K, used 89476K [0x0000000080000000, 0x0000000100000000)
  region size 1024K, 6 young (6144K), 6 survivors (6144K)
 Metaspace       used 95183K, committed 95872K, reserved 1179648K
  class space    used 12966K, committed 13312K, reserved 1048576K
}
Event: 17.020 GC heap before
{Heap before GC invocations=29 (full 0):
 garbage-first heap   total 168960K, used 137604K [0x0000000080000000, 0x0000000100000000)
  region size 1024K, 54 young (55296K), 6 survivors (6144K)
 Metaspace       used 97392K, committed 98112K, reserved 1179648K
  class space    used 13173K, committed 13504K, reserved 1048576K
}
Event: 17.028 GC heap after
{Heap after GC invocations=30 (full 0):
 garbage-first heap   total 168960K, used 93565K [0x0000000080000000, 0x0000000100000000)
  region size 1024K, 6 young (6144K), 6 survivors (6144K)
 Metaspace       used 97392K, committed 98112K, reserved 1179648K
  class space    used 13173K, committed 13504K, reserved 1048576K
}
Event: 17.875 GC heap before
{Heap before GC invocations=31 (full 0):
 garbage-first heap   total 168960K, used 145789K [0x0000000080000000, 0x0000000100000000)
  region size 1024K, 49 young (50176K), 6 survivors (6144K)
 Metaspace       used 97554K, committed 98240K, reserved 1179648K
  class space    used 13173K, committed 13504K, reserved 1048576K
}
Event: 17.891 GC heap after
{Heap after GC invocations=32 (full 0):
 garbage-first heap   total 174080K, used 116152K [0x0000000080000000, 0x0000000100000000)
  region size 1024K, 7 young (7168K), 7 survivors (7168K)
 Metaspace       used 97554K, committed 98240K, reserved 1179648K
  class space    used 13173K, committed 13504K, reserved 1048576K
}
Event: 17.897 GC heap before
{Heap before GC invocations=32 (full 0):
 garbage-first heap   total 174080K, used 117176K [0x0000000080000000, 0x0000000100000000)
  region size 1024K, 8 young (8192K), 7 survivors (7168K)
 Metaspace       used 97554K, committed 98240K, reserved 1179648K
  class space    used 13173K, committed 13504K, reserved 1048576K
}
Event: 17.903 GC heap after
{Heap after GC invocations=33 (full 0):
 garbage-first heap   total 174080K, used 117391K [0x0000000080000000, 0x0000000100000000)
  region size 1024K, 1 young (1024K), 1 survivors (1024K)
 Metaspace       used 97554K, committed 98240K, reserved 1179648K
  class space    used 13173K, committed 13504K, reserved 1048576K
}
Event: 18.188 GC heap before
{Heap before GC invocations=33 (full 0):
 garbage-first heap   total 174080K, used 137871K [0x0000000080000000, 0x0000000100000000)
  region size 1024K, 21 young (21504K), 1 survivors (1024K)
 Metaspace       used 97955K, committed 98688K, reserved 1179648K
  class space    used 13219K, committed 13568K, reserved 1048576K
}
Event: 18.194 GC heap after
{Heap after GC invocations=34 (full 0):
 garbage-first heap   total 174080K, used 121389K [0x0000000080000000, 0x0000000100000000)
  region size 1024K, 3 young (3072K), 3 survivors (3072K)
 Metaspace       used 97955K, committed 98688K, reserved 1179648K
  class space    used 13219K, committed 13568K, reserved 1048576K
}
Event: 19.017 GC heap before
{Heap before GC invocations=35 (full 0):
 garbage-first heap   total 204800K, used 145965K [0x0000000080000000, 0x0000000100000000)
  region size 1024K, 20 young (20480K), 3 survivors (3072K)
 Metaspace       used 98155K, committed 98880K, reserved 1179648K
  class space    used 13230K, committed 13568K, reserved 1048576K
}
Event: 19.026 GC heap after
{Heap after GC invocations=36 (full 0):
 garbage-first heap   total 204800K, used 124858K [0x0000000080000000, 0x0000000100000000)
  region size 1024K, 3 young (3072K), 3 survivors (3072K)
 Metaspace       used 98155K, committed 98880K, reserved 1179648K
  class space    used 13230K, committed 13568K, reserved 1048576K
}
Event: 19.117 GC heap before
{Heap before GC invocations=36 (full 0):
 garbage-first heap   total 204800K, used 131002K [0x0000000080000000, 0x0000000100000000)
  region size 1024K, 10 young (10240K), 3 survivors (3072K)
 Metaspace       used 98199K, committed 98944K, reserved 1179648K
  class space    used 13230K, committed 13568K, reserved 1048576K
}

